{"/Users/luozheng/Desktop/2021/T3/COMP6080/ass3.nosync/frontend/src/App.jsx": {"path":"/Users/luozheng/Desktop/2021/T3/COMP6080/ass3.nosync/frontend/src/App.jsx","statementMap":{"0":{"start":{"line":11,"column":12},"end":{"line":28,"column":1}},"1":{"start":{"line":14,"column":2},"end":{"line":27,"column":4}}},"fnMap":{"0":{"name":"(anonymous_0)","decl":{"start":{"line":11,"column":12},"end":{"line":11,"column":13}},"loc":{"start":{"line":11,"column":18},"end":{"line":28,"column":1}},"line":11}},"branchMap":{},"s":{"0":0,"1":0},"f":{"0":0},"b":{}}
,"/Users/luozheng/Desktop/2021/T3/COMP6080/ass3.nosync/frontend/src/index.jsx": {"path":"/Users/luozheng/Desktop/2021/T3/COMP6080/ass3.nosync/frontend/src/index.jsx","statementMap":{"0":{"start":{"line":8,"column":0},"end":{"line":13,"column":2}}},"fnMap":{},"branchMap":{},"s":{"0":0},"f":{},"b":{}}
,"/Users/luozheng/Desktop/2021/T3/COMP6080/ass3.nosync/frontend/src/components/CheckboxField.jsx": {"path":"/Users/luozheng/Desktop/2021/T3/COMP6080/ass3.nosync/frontend/src/components/CheckboxField.jsx","statementMap":{"0":{"start":{"line":5,"column":18},"end":{"line":18,"column":1}},"1":{"start":{"line":6,"column":24},"end":{"line":6,"column":39}},"2":{"start":{"line":7,"column":2},"end":{"line":17,"column":3}},"3":{"start":{"line":20,"column":0},"end":{"line":23,"column":1}}},"fnMap":{"0":{"name":"(anonymous_0)","decl":{"start":{"line":5,"column":18},"end":{"line":5,"column":19}},"loc":{"start":{"line":5,"column":43},"end":{"line":18,"column":1}},"line":5}},"branchMap":{"0":{"loc":{"start":{"line":11,"column":36},"end":{"line":11,"column":78}},"type":"binary-expr","locations":[{"start":{"line":11,"column":36},"end":{"line":11,"column":48}},{"start":{"line":11,"column":52},"end":{"line":11,"column":62}},{"start":{"line":11,"column":66},"end":{"line":11,"column":78}}],"line":11}},"s":{"0":0,"1":0,"2":0,"3":0},"f":{"0":0},"b":{"0":[0,0,0]}}
,"/Users/luozheng/Desktop/2021/T3/COMP6080/ass3.nosync/frontend/src/components/CreateListingBody.jsx": {"path":"/Users/luozheng/Desktop/2021/T3/COMP6080/ass3.nosync/frontend/src/components/CreateListingBody.jsx","statementMap":{"0":{"start":{"line":11,"column":26},"end":{"line":316,"column":1}},"1":{"start":{"line":12,"column":18},"end":{"line":12,"column":48}},"2":{"start":{"line":14,"column":34},"end":{"line":14,"column":50}},"3":{"start":{"line":15,"column":36},"end":{"line":15,"column":57}},"4":{"start":{"line":17,"column":20},"end":{"line":17,"column":84}},"5":{"start":{"line":19,"column":23},"end":{"line":60,"column":3}},"6":{"start":{"line":20,"column":4},"end":{"line":59,"column":8}},"7":{"start":{"line":30,"column":20},"end":{"line":30,"column":31}},"8":{"start":{"line":33,"column":29},"end":{"line":33,"column":42}},"9":{"start":{"line":35,"column":8},"end":{"line":53,"column":11}},"10":{"start":{"line":54,"column":8},"end":{"line":54,"column":34}},"11":{"start":{"line":57,"column":8},"end":{"line":57,"column":31}},"12":{"start":{"line":58,"column":8},"end":{"line":58,"column":27}},"13":{"start":{"line":63,"column":17},"end":{"line":92,"column":4}},"14":{"start":{"line":94,"column":2},"end":{"line":315,"column":3}},"15":{"start":{"line":99,"column":29},"end":{"line":99,"column":49}},"16":{"start":{"line":128,"column":10},"end":{"line":306,"column":17}},"17":{"start":{"line":240,"column":16},"end":{"line":246,"column":17}},"18":{"start":{"line":312,"column":28},"end":{"line":312,"column":47}}},"fnMap":{"0":{"name":"(anonymous_0)","decl":{"start":{"line":11,"column":26},"end":{"line":11,"column":27}},"loc":{"start":{"line":11,"column":32},"end":{"line":316,"column":1}},"line":11},"1":{"name":"(anonymous_1)","decl":{"start":{"line":19,"column":23},"end":{"line":19,"column":24}},"loc":{"start":{"line":19,"column":33},"end":{"line":60,"column":3}},"line":19},"2":{"name":"(anonymous_2)","decl":{"start":{"line":30,"column":12},"end":{"line":30,"column":13}},"loc":{"start":{"line":30,"column":20},"end":{"line":30,"column":31}},"line":30},"3":{"name":"(anonymous_3)","decl":{"start":{"line":31,"column":12},"end":{"line":31,"column":13}},"loc":{"start":{"line":31,"column":20},"end":{"line":55,"column":7}},"line":31},"4":{"name":"(anonymous_4)","decl":{"start":{"line":56,"column":13},"end":{"line":56,"column":14}},"loc":{"start":{"line":56,"column":20},"end":{"line":59,"column":7}},"line":56},"5":{"name":"(anonymous_5)","decl":{"start":{"line":99,"column":19},"end":{"line":99,"column":20}},"loc":{"start":{"line":99,"column":29},"end":{"line":99,"column":49}},"line":99},"6":{"name":"(anonymous_6)","decl":{"start":{"line":119,"column":9},"end":{"line":119,"column":10}},"loc":{"start":{"line":128,"column":10},"end":{"line":306,"column":17}},"line":128},"7":{"name":"(anonymous_7)","decl":{"start":{"line":239,"column":30},"end":{"line":239,"column":31}},"loc":{"start":{"line":239,"column":48},"end":{"line":247,"column":15}},"line":239},"8":{"name":"(anonymous_8)","decl":{"start":{"line":312,"column":22},"end":{"line":312,"column":23}},"loc":{"start":{"line":312,"column":28},"end":{"line":312,"column":47}},"line":312}},"branchMap":{},"s":{"0":0,"1":0,"2":0,"3":0,"4":0,"5":0,"6":0,"7":0,"8":0,"9":0,"10":0,"11":0,"12":0,"13":0,"14":0,"15":0,"16":0,"17":0,"18":0},"f":{"0":0,"1":0,"2":0,"3":0,"4":0,"5":0,"6":0,"7":0,"8":0},"b":{}}
,"/Users/luozheng/Desktop/2021/T3/COMP6080/ass3.nosync/frontend/src/components/EditListingBody.jsx": {"path":"/Users/luozheng/Desktop/2021/T3/COMP6080/ass3.nosync/frontend/src/components/EditListingBody.jsx","statementMap":{"0":{"start":{"line":6,"column":24},"end":{"line":43,"column":1}},"1":{"start":{"line":8,"column":22},"end":{"line":10,"column":3}},"2":{"start":{"line":9,"column":17},"end":{"line":9,"column":62}},"3":{"start":{"line":13,"column":40},"end":{"line":13,"column":58}},"4":{"start":{"line":14,"column":2},"end":{"line":20,"column":9}},"5":{"start":{"line":15,"column":17},"end":{"line":17,"column":6}},"6":{"start":{"line":18,"column":17},"end":{"line":18,"column":34}},"7":{"start":{"line":19,"column":4},"end":{"line":19,"column":25}},"8":{"start":{"line":22,"column":17},"end":{"line":24,"column":4}},"9":{"start":{"line":29,"column":2},"end":{"line":42,"column":4}},"10":{"start":{"line":37,"column":29},"end":{"line":37,"column":48}},"11":{"start":{"line":45,"column":0},"end":{"line":47,"column":1}}},"fnMap":{"0":{"name":"(anonymous_0)","decl":{"start":{"line":6,"column":24},"end":{"line":6,"column":25}},"loc":{"start":{"line":6,"column":43},"end":{"line":43,"column":1}},"line":6},"1":{"name":"(anonymous_1)","decl":{"start":{"line":8,"column":22},"end":{"line":8,"column":23}},"loc":{"start":{"line":8,"column":38},"end":{"line":10,"column":3}},"line":8},"2":{"name":"(anonymous_2)","decl":{"start":{"line":14,"column":18},"end":{"line":14,"column":19}},"loc":{"start":{"line":14,"column":30},"end":{"line":20,"column":3}},"line":14},"3":{"name":"(anonymous_3)","decl":{"start":{"line":37,"column":19},"end":{"line":37,"column":20}},"loc":{"start":{"line":37,"column":29},"end":{"line":37,"column":48}},"line":37}},"branchMap":{},"s":{"0":0,"1":0,"2":0,"3":0,"4":0,"5":0,"6":0,"7":0,"8":0,"9":0,"10":0,"11":0},"f":{"0":0,"1":0,"2":0,"3":0},"b":{}}
,"/Users/luozheng/Desktop/2021/T3/COMP6080/ass3.nosync/frontend/src/components/FilterArea.jsx": {"path":"/Users/luozheng/Desktop/2021/T3/COMP6080/ass3.nosync/frontend/src/components/FilterArea.jsx","statementMap":{"0":{"start":{"line":15,"column":19},"end":{"line":146,"column":1}},"1":{"start":{"line":16,"column":36},"end":{"line":16,"column":57}},"2":{"start":{"line":17,"column":17},"end":{"line":25,"column":4}},"3":{"start":{"line":27,"column":2},"end":{"line":145,"column":4}},"4":{"start":{"line":31,"column":8},"end":{"line":31,"column":26}},"5":{"start":{"line":50,"column":8},"end":{"line":142,"column":15}},"6":{"start":{"line":139,"column":26},"end":{"line":139,"column":45}}},"fnMap":{"0":{"name":"(anonymous_0)","decl":{"start":{"line":15,"column":19},"end":{"line":15,"column":20}},"loc":{"start":{"line":15,"column":25},"end":{"line":146,"column":1}},"line":15},"1":{"name":"(anonymous_1)","decl":{"start":{"line":30,"column":16},"end":{"line":30,"column":17}},"loc":{"start":{"line":31,"column":8},"end":{"line":31,"column":26}},"line":31},"2":{"name":"(anonymous_2)","decl":{"start":{"line":43,"column":7},"end":{"line":43,"column":8}},"loc":{"start":{"line":50,"column":8},"end":{"line":142,"column":15}},"line":50},"3":{"name":"(anonymous_3)","decl":{"start":{"line":139,"column":20},"end":{"line":139,"column":21}},"loc":{"start":{"line":139,"column":26},"end":{"line":139,"column":45}},"line":139}},"branchMap":{"0":{"loc":{"start":{"line":61,"column":25},"end":{"line":61,"column":57}},"type":"binary-expr","locations":[{"start":{"line":61,"column":25},"end":{"line":61,"column":39}},{"start":{"line":61,"column":43},"end":{"line":61,"column":57}}],"line":61},"1":{"loc":{"start":{"line":74,"column":25},"end":{"line":74,"column":58}},"type":"binary-expr","locations":[{"start":{"line":74,"column":25},"end":{"line":74,"column":39}},{"start":{"line":74,"column":43},"end":{"line":74,"column":58}}],"line":74}},"s":{"0":0,"1":0,"2":0,"3":0,"4":0,"5":0,"6":0},"f":{"0":0,"1":0,"2":0,"3":0},"b":{"0":[0,0],"1":[0,0]}}
,"/Users/luozheng/Desktop/2021/T3/COMP6080/ass3.nosync/frontend/src/components/Footer.jsx": {"path":"/Users/luozheng/Desktop/2021/T3/COMP6080/ass3.nosync/frontend/src/components/Footer.jsx","statementMap":{"0":{"start":{"line":4,"column":2},"end":{"line":8,"column":4}}},"fnMap":{"0":{"name":"Footer","decl":{"start":{"line":3,"column":9},"end":{"line":3,"column":15}},"loc":{"start":{"line":3,"column":19},"end":{"line":9,"column":1}},"line":3}},"branchMap":{},"s":{"0":0},"f":{"0":0},"b":{}}
,"/Users/luozheng/Desktop/2021/T3/COMP6080/ass3.nosync/frontend/src/components/HomeBody.jsx": {"path":"/Users/luozheng/Desktop/2021/T3/COMP6080/ass3.nosync/frontend/src/components/HomeBody.jsx","statementMap":{"0":{"start":{"line":17,"column":17},"end":{"line":77,"column":1}},"1":{"start":{"line":18,"column":18},"end":{"line":18,"column":48}},"2":{"start":{"line":19,"column":34},"end":{"line":19,"column":50}},"3":{"start":{"line":21,"column":24},"end":{"line":23,"column":3}},"4":{"start":{"line":22,"column":4},"end":{"line":22,"column":72}},"5":{"start":{"line":25,"column":21},"end":{"line":31,"column":3}},"6":{"start":{"line":26,"column":14},"end":{"line":26,"column":15}},"7":{"start":{"line":27,"column":4},"end":{"line":29,"column":5}},"8":{"start":{"line":28,"column":6},"end":{"line":28,"column":27}},"9":{"start":{"line":30,"column":4},"end":{"line":30,"column":15}},"10":{"start":{"line":34,"column":2},"end":{"line":57,"column":9}},"11":{"start":{"line":35,"column":17},"end":{"line":40,"column":6}},"12":{"start":{"line":41,"column":17},"end":{"line":41,"column":34}},"13":{"start":{"line":43,"column":25},"end":{"line":43,"column":27}},"14":{"start":{"line":44,"column":4},"end":{"line":55,"column":5}},"15":{"start":{"line":45,"column":6},"end":{"line":54,"column":8}},"16":{"start":{"line":56,"column":4},"end":{"line":56,"column":30}},"17":{"start":{"line":59,"column":2},"end":{"line":76,"column":4}},"18":{"start":{"line":66,"column":10},"end":{"line":72,"column":11}}},"fnMap":{"0":{"name":"(anonymous_0)","decl":{"start":{"line":17,"column":17},"end":{"line":17,"column":18}},"loc":{"start":{"line":17,"column":23},"end":{"line":77,"column":1}},"line":17},"1":{"name":"(anonymous_1)","decl":{"start":{"line":21,"column":24},"end":{"line":21,"column":25}},"loc":{"start":{"line":21,"column":75},"end":{"line":23,"column":3}},"line":21},"2":{"name":"(anonymous_2)","decl":{"start":{"line":25,"column":21},"end":{"line":25,"column":22}},"loc":{"start":{"line":25,"column":34},"end":{"line":31,"column":3}},"line":25},"3":{"name":"(anonymous_3)","decl":{"start":{"line":34,"column":18},"end":{"line":34,"column":19}},"loc":{"start":{"line":34,"column":30},"end":{"line":57,"column":3}},"line":34},"4":{"name":"(anonymous_4)","decl":{"start":{"line":65,"column":23},"end":{"line":65,"column":24}},"loc":{"start":{"line":65,"column":41},"end":{"line":73,"column":9}},"line":65}},"branchMap":{},"s":{"0":0,"1":0,"2":0,"3":0,"4":0,"5":0,"6":0,"7":0,"8":0,"9":0,"10":0,"11":0,"12":0,"13":0,"14":0,"15":0,"16":0,"17":0,"18":0},"f":{"0":0,"1":0,"2":0,"3":0,"4":0},"b":{}}
,"/Users/luozheng/Desktop/2021/T3/COMP6080/ass3.nosync/frontend/src/components/ListingItem.jsx": {"path":"/Users/luozheng/Desktop/2021/T3/COMP6080/ass3.nosync/frontend/src/components/ListingItem.jsx","statementMap":{"0":{"start":{"line":10,"column":20},"end":{"line":54,"column":1}},"1":{"start":{"line":11,"column":75},"end":{"line":11,"column":80}},"2":{"start":{"line":12,"column":21},"end":{"line":12,"column":62}},"3":{"start":{"line":14,"column":2},"end":{"line":53,"column":4}},"4":{"start":{"line":30,"column":10},"end":{"line":37,"column":11}},"5":{"start":{"line":40,"column":10},"end":{"line":47,"column":11}},"6":{"start":{"line":56,"column":0},"end":{"line":65,"column":1}}},"fnMap":{"0":{"name":"(anonymous_0)","decl":{"start":{"line":10,"column":20},"end":{"line":10,"column":21}},"loc":{"start":{"line":10,"column":35},"end":{"line":54,"column":1}},"line":10},"1":{"name":"(anonymous_1)","decl":{"start":{"line":29,"column":48},"end":{"line":29,"column":49}},"loc":{"start":{"line":29,"column":63},"end":{"line":38,"column":9}},"line":29},"2":{"name":"(anonymous_2)","decl":{"start":{"line":39,"column":52},"end":{"line":39,"column":53}},"loc":{"start":{"line":39,"column":67},"end":{"line":48,"column":9}},"line":39}},"branchMap":{"0":{"loc":{"start":{"line":12,"column":21},"end":{"line":12,"column":62}},"type":"cond-expr","locations":[{"start":{"line":12,"column":38},"end":{"line":12,"column":39}},{"start":{"line":12,"column":42},"end":{"line":12,"column":62}}],"line":12}},"s":{"0":0,"1":0,"2":0,"3":0,"4":0,"5":0,"6":0},"f":{"0":0,"1":0,"2":0},"b":{"0":[0,0]}}
,"/Users/luozheng/Desktop/2021/T3/COMP6080/ass3.nosync/frontend/src/components/Login.jsx": {"path":"/Users/luozheng/Desktop/2021/T3/COMP6080/ass3.nosync/frontend/src/components/Login.jsx","statementMap":{"0":{"start":{"line":11,"column":42},"end":{"line":11,"column":63}},"1":{"start":{"line":12,"column":36},"end":{"line":12,"column":57}},"2":{"start":{"line":13,"column":19},"end":{"line":13,"column":32}},"3":{"start":{"line":15,"column":16},"end":{"line":39,"column":3}},"4":{"start":{"line":17,"column":32},"end":{"line":17,"column":38}},"5":{"start":{"line":18,"column":4},"end":{"line":38,"column":8}},"6":{"start":{"line":28,"column":20},"end":{"line":28,"column":31}},"7":{"start":{"line":30,"column":8},"end":{"line":30,"column":26}},"8":{"start":{"line":31,"column":8},"end":{"line":31,"column":50}},"9":{"start":{"line":32,"column":8},"end":{"line":32,"column":46}},"10":{"start":{"line":33,"column":8},"end":{"line":33,"column":22}},"11":{"start":{"line":36,"column":8},"end":{"line":36,"column":27}},"12":{"start":{"line":37,"column":8},"end":{"line":37,"column":25}},"13":{"start":{"line":41,"column":17},"end":{"line":47,"column":4}},"14":{"start":{"line":49,"column":2},"end":{"line":124,"column":4}},"15":{"start":{"line":57,"column":29},"end":{"line":57,"column":42}},"16":{"start":{"line":68,"column":10},"end":{"line":114,"column":17}},"17":{"start":{"line":101,"column":35},"end":{"line":101,"column":65}},"18":{"start":{"line":109,"column":53},"end":{"line":109,"column":74}},"19":{"start":{"line":121,"column":28},"end":{"line":121,"column":47}}},"fnMap":{"0":{"name":"Login","decl":{"start":{"line":9,"column":9},"end":{"line":9,"column":14}},"loc":{"start":{"line":9,"column":18},"end":{"line":125,"column":1}},"line":9},"1":{"name":"(anonymous_1)","decl":{"start":{"line":15,"column":16},"end":{"line":15,"column":17}},"loc":{"start":{"line":15,"column":28},"end":{"line":39,"column":3}},"line":15},"2":{"name":"(anonymous_2)","decl":{"start":{"line":28,"column":12},"end":{"line":28,"column":13}},"loc":{"start":{"line":28,"column":20},"end":{"line":28,"column":31}},"line":28},"3":{"name":"(anonymous_3)","decl":{"start":{"line":29,"column":12},"end":{"line":29,"column":13}},"loc":{"start":{"line":29,"column":20},"end":{"line":34,"column":7}},"line":29},"4":{"name":"(anonymous_4)","decl":{"start":{"line":35,"column":13},"end":{"line":35,"column":14}},"loc":{"start":{"line":35,"column":20},"end":{"line":38,"column":7}},"line":35},"5":{"name":"(anonymous_5)","decl":{"start":{"line":57,"column":19},"end":{"line":57,"column":20}},"loc":{"start":{"line":57,"column":29},"end":{"line":57,"column":42}},"line":57},"6":{"name":"(anonymous_6)","decl":{"start":{"line":59,"column":9},"end":{"line":59,"column":10}},"loc":{"start":{"line":68,"column":10},"end":{"line":114,"column":17}},"line":68},"7":{"name":"(anonymous_7)","decl":{"start":{"line":101,"column":27},"end":{"line":101,"column":28}},"loc":{"start":{"line":101,"column":33},"end":{"line":101,"column":67}},"line":101},"8":{"name":"(anonymous_8)","decl":{"start":{"line":109,"column":47},"end":{"line":109,"column":48}},"loc":{"start":{"line":109,"column":53},"end":{"line":109,"column":74}},"line":109},"9":{"name":"(anonymous_9)","decl":{"start":{"line":121,"column":22},"end":{"line":121,"column":23}},"loc":{"start":{"line":121,"column":28},"end":{"line":121,"column":47}},"line":121}},"branchMap":{"0":{"loc":{"start":{"line":78,"column":26},"end":{"line":78,"column":56}},"type":"binary-expr","locations":[{"start":{"line":78,"column":26},"end":{"line":78,"column":39}},{"start":{"line":78,"column":43},"end":{"line":78,"column":56}}],"line":78},"1":{"loc":{"start":{"line":87,"column":23},"end":{"line":87,"column":57}},"type":"cond-expr","locations":[{"start":{"line":87,"column":38},"end":{"line":87,"column":44}},{"start":{"line":87,"column":47},"end":{"line":87,"column":57}}],"line":87}},"s":{"0":1,"1":1,"2":1,"3":1,"4":0,"5":0,"6":0,"7":0,"8":0,"9":0,"10":0,"11":0,"12":0,"13":1,"14":1,"15":0,"16":1,"17":0,"18":0,"19":0},"f":{"0":1,"1":0,"2":0,"3":0,"4":0,"5":0,"6":1,"7":0,"8":0,"9":0},"b":{"0":[1,0],"1":[0,1]},"_coverageSchema":"1a1c01bbd47fc00a2c39e90264f33305004495a9","hash":"d85ee2e2cde7babd3470b36240748a0830dc374c"}
,"/Users/luozheng/Desktop/2021/T3/COMP6080/ass3.nosync/frontend/src/components/MessageModal.jsx": {"path":"/Users/luozheng/Desktop/2021/T3/COMP6080/ass3.nosync/frontend/src/components/MessageModal.jsx","statementMap":{"0":{"start":{"line":6,"column":21},"end":{"line":18,"column":1}},"1":{"start":{"line":7,"column":2},"end":{"line":17,"column":4}},"2":{"start":{"line":20,"column":0},"end":{"line":24,"column":1}}},"fnMap":{"0":{"name":"(anonymous_0)","decl":{"start":{"line":6,"column":21},"end":{"line":6,"column":22}},"loc":{"start":{"line":6,"column":57},"end":{"line":18,"column":1}},"line":6}},"branchMap":{},"s":{"0":1,"1":1,"2":1},"f":{"0":1},"b":{},"_coverageSchema":"1a1c01bbd47fc00a2c39e90264f33305004495a9","hash":"4f93b561a27667ee300fb16a5a6f9c37df109989"}
,"/Users/luozheng/Desktop/2021/T3/COMP6080/ass3.nosync/frontend/src/components/ModalDisplaySearchFilter.jsx": {"path":"/Users/luozheng/Desktop/2021/T3/COMP6080/ass3.nosync/frontend/src/components/ModalDisplaySearchFilter.jsx","statementMap":{"0":{"start":{"line":9,"column":18},"end":{"line":9,"column":48}},"1":{"start":{"line":10,"column":23},"end":{"line":10,"column":39}},"2":{"start":{"line":12,"column":25},"end":{"line":26,"column":4}},"3":{"start":{"line":13,"column":4},"end":{"line":24,"column":11}},"4":{"start":{"line":15,"column":19},"end":{"line":20,"column":8}},"5":{"start":{"line":21,"column":19},"end":{"line":21,"column":36}},"6":{"start":{"line":22,"column":6},"end":{"line":22,"column":49}},"7":{"start":{"line":23,"column":6},"end":{"line":23,"column":57}},"8":{"start":{"line":25,"column":4},"end":{"line":25,"column":19}},"9":{"start":{"line":28,"column":26},"end":{"line":36,"column":3}},"10":{"start":{"line":29,"column":4},"end":{"line":35,"column":5}},"11":{"start":{"line":30,"column":6},"end":{"line":31,"column":60}},"12":{"start":{"line":31,"column":24},"end":{"line":31,"column":58}},"13":{"start":{"line":33,"column":6},"end":{"line":34,"column":60}},"14":{"start":{"line":34,"column":24},"end":{"line":34,"column":58}},"15":{"start":{"line":38,"column":37},"end":{"line":51,"column":3}},"16":{"start":{"line":39,"column":22},"end":{"line":39,"column":55}},"17":{"start":{"line":40,"column":4},"end":{"line":40,"column":28}},"18":{"start":{"line":41,"column":18},"end":{"line":41,"column":20}},"19":{"start":{"line":42,"column":4},"end":{"line":49,"column":7}},"20":{"start":{"line":43,"column":6},"end":{"line":48,"column":7}},"21":{"start":{"line":44,"column":8},"end":{"line":44,"column":21}},"22":{"start":{"line":45,"column":8},"end":{"line":45,"column":24}},"23":{"start":{"line":47,"column":8},"end":{"line":47,"column":20}},"24":{"start":{"line":50,"column":4},"end":{"line":50,"column":68}},"25":{"start":{"line":52,"column":24},"end":{"line":52,"column":41}},"26":{"start":{"line":53,"column":2},"end":{"line":116,"column":4}},"27":{"start":{"line":78,"column":14},"end":{"line":90,"column":15}},"28":{"start":{"line":79,"column":16},"end":{"line":79,"column":28}},"29":{"start":{"line":80,"column":21},"end":{"line":90,"column":15}},"30":{"start":{"line":81,"column":16},"end":{"line":81,"column":28}},"31":{"start":{"line":82,"column":21},"end":{"line":90,"column":15}},"32":{"start":{"line":83,"column":16},"end":{"line":83,"column":28}},"33":{"start":{"line":84,"column":21},"end":{"line":90,"column":15}},"34":{"start":{"line":85,"column":16},"end":{"line":85,"column":28}},"35":{"start":{"line":86,"column":21},"end":{"line":90,"column":15}},"36":{"start":{"line":87,"column":16},"end":{"line":87,"column":28}},"37":{"start":{"line":89,"column":16},"end":{"line":89,"column":31}},"38":{"start":{"line":92,"column":14},"end":{"line":107,"column":20}},"39":{"start":{"line":119,"column":0},"end":{"line":124,"column":1}}},"fnMap":{"0":{"name":"ModalDisplaySearchFilter","decl":{"start":{"line":8,"column":9},"end":{"line":8,"column":33}},"loc":{"start":{"line":8,"column":42},"end":{"line":117,"column":1}},"line":8},"1":{"name":"(anonymous_1)","decl":{"start":{"line":12,"column":40},"end":{"line":12,"column":41}},"loc":{"start":{"line":12,"column":53},"end":{"line":26,"column":3}},"line":12},"2":{"name":"(anonymous_2)","decl":{"start":{"line":13,"column":20},"end":{"line":13,"column":21}},"loc":{"start":{"line":13,"column":32},"end":{"line":24,"column":5}},"line":13},"3":{"name":"(anonymous_3)","decl":{"start":{"line":28,"column":26},"end":{"line":28,"column":27}},"loc":{"start":{"line":28,"column":32},"end":{"line":36,"column":3}},"line":28},"4":{"name":"(anonymous_4)","decl":{"start":{"line":31,"column":14},"end":{"line":31,"column":15}},"loc":{"start":{"line":31,"column":24},"end":{"line":31,"column":58}},"line":31},"5":{"name":"(anonymous_5)","decl":{"start":{"line":34,"column":14},"end":{"line":34,"column":15}},"loc":{"start":{"line":34,"column":24},"end":{"line":34,"column":58}},"line":34},"6":{"name":"(anonymous_6)","decl":{"start":{"line":38,"column":37},"end":{"line":38,"column":38}},"loc":{"start":{"line":38,"column":79},"end":{"line":51,"column":3}},"line":38},"7":{"name":"(anonymous_7)","decl":{"start":{"line":42,"column":21},"end":{"line":42,"column":22}},"loc":{"start":{"line":42,"column":33},"end":{"line":49,"column":5}},"line":42},"8":{"name":"(anonymous_8)","decl":{"start":{"line":76,"column":33},"end":{"line":76,"column":34}},"loc":{"start":{"line":76,"column":46},"end":{"line":91,"column":13}},"line":76},"9":{"name":"(anonymous_9)","decl":{"start":{"line":91,"column":19},"end":{"line":91,"column":20}},"loc":{"start":{"line":92,"column":14},"end":{"line":107,"column":20}},"line":92}},"branchMap":{"0":{"loc":{"start":{"line":29,"column":4},"end":{"line":35,"column":5}},"type":"if","locations":[{"start":{"line":29,"column":4},"end":{"line":35,"column":5}},{"start":{"line":32,"column":11},"end":{"line":35,"column":5}}],"line":29},"1":{"loc":{"start":{"line":31,"column":24},"end":{"line":31,"column":58}},"type":"cond-expr","locations":[{"start":{"line":31,"column":52},"end":{"line":31,"column":53}},{"start":{"line":31,"column":56},"end":{"line":31,"column":58}}],"line":31},"2":{"loc":{"start":{"line":34,"column":24},"end":{"line":34,"column":58}},"type":"cond-expr","locations":[{"start":{"line":34,"column":52},"end":{"line":34,"column":53}},{"start":{"line":34,"column":56},"end":{"line":34,"column":58}}],"line":34},"3":{"loc":{"start":{"line":43,"column":6},"end":{"line":48,"column":7}},"type":"if","locations":[{"start":{"line":43,"column":6},"end":{"line":48,"column":7}},{"start":{"line":46,"column":13},"end":{"line":48,"column":7}}],"line":43},"4":{"loc":{"start":{"line":78,"column":14},"end":{"line":90,"column":15}},"type":"if","locations":[{"start":{"line":78,"column":14},"end":{"line":90,"column":15}},{"start":{"line":80,"column":21},"end":{"line":90,"column":15}}],"line":78},"5":{"loc":{"start":{"line":80,"column":21},"end":{"line":90,"column":15}},"type":"if","locations":[{"start":{"line":80,"column":21},"end":{"line":90,"column":15}},{"start":{"line":82,"column":21},"end":{"line":90,"column":15}}],"line":80},"6":{"loc":{"start":{"line":82,"column":21},"end":{"line":90,"column":15}},"type":"if","locations":[{"start":{"line":82,"column":21},"end":{"line":90,"column":15}},{"start":{"line":84,"column":21},"end":{"line":90,"column":15}}],"line":82},"7":{"loc":{"start":{"line":84,"column":21},"end":{"line":90,"column":15}},"type":"if","locations":[{"start":{"line":84,"column":21},"end":{"line":90,"column":15}},{"start":{"line":86,"column":21},"end":{"line":90,"column":15}}],"line":84},"8":{"loc":{"start":{"line":86,"column":21},"end":{"line":90,"column":15}},"type":"if","locations":[{"start":{"line":86,"column":21},"end":{"line":90,"column":15}},{"start":{"line":88,"column":21},"end":{"line":90,"column":15}}],"line":86}},"s":{"0":0,"1":0,"2":0,"3":0,"4":0,"5":0,"6":0,"7":0,"8":0,"9":0,"10":0,"11":0,"12":0,"13":0,"14":0,"15":0,"16":0,"17":0,"18":0,"19":0,"20":0,"21":0,"22":0,"23":0,"24":0,"25":0,"26":0,"27":0,"28":0,"29":0,"30":0,"31":0,"32":0,"33":0,"34":0,"35":0,"36":0,"37":0,"38":0,"39":0},"f":{"0":0,"1":0,"2":0,"3":0,"4":0,"5":0,"6":0,"7":0,"8":0,"9":0},"b":{"0":[0,0],"1":[0,0],"2":[0,0],"3":[0,0],"4":[0,0],"5":[0,0],"6":[0,0],"7":[0,0],"8":[0,0]}}
,"/Users/luozheng/Desktop/2021/T3/COMP6080/ass3.nosync/frontend/src/components/MyListingItem.jsx": {"path":"/Users/luozheng/Desktop/2021/T3/COMP6080/ass3.nosync/frontend/src/components/MyListingItem.jsx","statementMap":{"0":{"start":{"line":13,"column":22},"end":{"line":160,"column":1}},"1":{"start":{"line":14,"column":19},"end":{"line":14,"column":32}},"2":{"start":{"line":16,"column":18},"end":{"line":16,"column":48}},"3":{"start":{"line":17,"column":34},"end":{"line":17,"column":50}},"4":{"start":{"line":20,"column":26},"end":{"line":46,"column":4}},"5":{"start":{"line":48,"column":2},"end":{"line":60,"column":17}},"6":{"start":{"line":50,"column":17},"end":{"line":55,"column":6}},"7":{"start":{"line":56,"column":17},"end":{"line":56,"column":34}},"8":{"start":{"line":57,"column":4},"end":{"line":57,"column":26}},"9":{"start":{"line":62,"column":21},"end":{"line":82,"column":3}},"10":{"start":{"line":64,"column":17},"end":{"line":70,"column":6}},"11":{"start":{"line":71,"column":4},"end":{"line":74,"column":5}},"12":{"start":{"line":73,"column":6},"end":{"line":73,"column":13}},"13":{"start":{"line":76,"column":23},"end":{"line":76,"column":36}},"14":{"start":{"line":78,"column":4},"end":{"line":80,"column":7}},"15":{"start":{"line":79,"column":6},"end":{"line":79,"column":28}},"16":{"start":{"line":81,"column":4},"end":{"line":81,"column":30}},"17":{"start":{"line":84,"column":22},"end":{"line":84,"column":39}},"18":{"start":{"line":97,"column":2},"end":{"line":159,"column":4}},"19":{"start":{"line":118,"column":10},"end":{"line":126,"column":11}},"20":{"start":{"line":129,"column":10},"end":{"line":137,"column":11}},"21":{"start":{"line":147,"column":26},"end":{"line":147,"column":58}},"22":{"start":{"line":162,"column":0},"end":{"line":164,"column":1}}},"fnMap":{"0":{"name":"(anonymous_0)","decl":{"start":{"line":13,"column":22},"end":{"line":13,"column":23}},"loc":{"start":{"line":13,"column":34},"end":{"line":160,"column":1}},"line":13},"1":{"name":"(anonymous_1)","decl":{"start":{"line":48,"column":18},"end":{"line":48,"column":19}},"loc":{"start":{"line":48,"column":30},"end":{"line":60,"column":3}},"line":48},"2":{"name":"(anonymous_2)","decl":{"start":{"line":62,"column":21},"end":{"line":62,"column":22}},"loc":{"start":{"line":62,"column":33},"end":{"line":82,"column":3}},"line":62},"3":{"name":"(anonymous_3)","decl":{"start":{"line":78,"column":39},"end":{"line":78,"column":40}},"loc":{"start":{"line":78,"column":47},"end":{"line":80,"column":5}},"line":78},"4":{"name":"(anonymous_4)","decl":{"start":{"line":117,"column":48},"end":{"line":117,"column":49}},"loc":{"start":{"line":117,"column":58},"end":{"line":127,"column":9}},"line":117},"5":{"name":"(anonymous_5)","decl":{"start":{"line":128,"column":52},"end":{"line":128,"column":53}},"loc":{"start":{"line":128,"column":62},"end":{"line":138,"column":9}},"line":128},"6":{"name":"(anonymous_6)","decl":{"start":{"line":147,"column":20},"end":{"line":147,"column":21}},"loc":{"start":{"line":147,"column":26},"end":{"line":147,"column":58}},"line":147}},"branchMap":{"0":{"loc":{"start":{"line":71,"column":4},"end":{"line":74,"column":5}},"type":"if","locations":[{"start":{"line":71,"column":4},"end":{"line":74,"column":5}},{"start":{},"end":{}}],"line":71}},"s":{"0":0,"1":0,"2":0,"3":0,"4":0,"5":0,"6":0,"7":0,"8":0,"9":0,"10":0,"11":0,"12":0,"13":0,"14":0,"15":0,"16":0,"17":0,"18":0,"19":0,"20":0,"21":0,"22":0},"f":{"0":0,"1":0,"2":0,"3":0,"4":0,"5":0,"6":0},"b":{"0":[0,0]}}
,"/Users/luozheng/Desktop/2021/T3/COMP6080/ass3.nosync/frontend/src/components/MyListingsBody.jsx": {"path":"/Users/luozheng/Desktop/2021/T3/COMP6080/ass3.nosync/frontend/src/components/MyListingsBody.jsx","statementMap":{"0":{"start":{"line":4,"column":23},"end":{"line":31,"column":1}},"1":{"start":{"line":5,"column":38},"end":{"line":5,"column":56}},"2":{"start":{"line":6,"column":20},"end":{"line":6,"column":53}},"3":{"start":{"line":8,"column":2},"end":{"line":18,"column":9}},"4":{"start":{"line":9,"column":17},"end":{"line":14,"column":6}},"5":{"start":{"line":15,"column":17},"end":{"line":15,"column":34}},"6":{"start":{"line":16,"column":27},"end":{"line":16,"column":81}},"7":{"start":{"line":16,"column":56},"end":{"line":16,"column":80}},"8":{"start":{"line":17,"column":4},"end":{"line":17,"column":34}},"9":{"start":{"line":20,"column":2},"end":{"line":30,"column":3}},"10":{"start":{"line":23,"column":8},"end":{"line":27,"column":10}}},"fnMap":{"0":{"name":"(anonymous_0)","decl":{"start":{"line":4,"column":23},"end":{"line":4,"column":24}},"loc":{"start":{"line":4,"column":29},"end":{"line":31,"column":1}},"line":4},"1":{"name":"(anonymous_1)","decl":{"start":{"line":8,"column":18},"end":{"line":8,"column":19}},"loc":{"start":{"line":8,"column":30},"end":{"line":18,"column":3}},"line":8},"2":{"name":"(anonymous_2)","decl":{"start":{"line":16,"column":48},"end":{"line":16,"column":49}},"loc":{"start":{"line":16,"column":56},"end":{"line":16,"column":80}},"line":16},"3":{"name":"(anonymous_3)","decl":{"start":{"line":22,"column":23},"end":{"line":22,"column":24}},"loc":{"start":{"line":22,"column":41},"end":{"line":28,"column":7}},"line":22}},"branchMap":{},"s":{"0":0,"1":0,"2":0,"3":0,"4":0,"5":0,"6":0,"7":0,"8":0,"9":0,"10":0},"f":{"0":0,"1":0,"2":0,"3":0},"b":{}}
,"/Users/luozheng/Desktop/2021/T3/COMP6080/ass3.nosync/frontend/src/components/NavBar.jsx": {"path":"/Users/luozheng/Desktop/2021/T3/COMP6080/ass3.nosync/frontend/src/components/NavBar.jsx","statementMap":{"0":{"start":{"line":15,"column":15},"end":{"line":144,"column":1}},"1":{"start":{"line":16,"column":18},"end":{"line":16,"column":60}},"2":{"start":{"line":17,"column":38},"end":{"line":17,"column":61}},"3":{"start":{"line":19,"column":19},"end":{"line":19,"column":32}},"4":{"start":{"line":21,"column":34},"end":{"line":21,"column":54}},"5":{"start":{"line":23,"column":21},"end":{"line":25,"column":3}},"6":{"start":{"line":24,"column":4},"end":{"line":24,"column":37}},"7":{"start":{"line":27,"column":22},"end":{"line":29,"column":3}},"8":{"start":{"line":28,"column":4},"end":{"line":28,"column":22}},"9":{"start":{"line":31,"column":23},"end":{"line":36,"column":3}},"10":{"start":{"line":32,"column":4},"end":{"line":32,"column":18}},"11":{"start":{"line":33,"column":4},"end":{"line":33,"column":45}},"12":{"start":{"line":34,"column":4},"end":{"line":34,"column":31}},"13":{"start":{"line":35,"column":4},"end":{"line":35,"column":18}},"14":{"start":{"line":38,"column":17},"end":{"line":52,"column":5}},"15":{"start":{"line":38,"column":47},"end":{"line":52,"column":3}},"16":{"start":{"line":54,"column":28},"end":{"line":62,"column":5}},"17":{"start":{"line":54,"column":58},"end":{"line":62,"column":3}},"18":{"start":{"line":64,"column":26},"end":{"line":76,"column":5}},"19":{"start":{"line":64,"column":62},"end":{"line":76,"column":3}},"20":{"start":{"line":78,"column":2},"end":{"line":143,"column":4}},"21":{"start":{"line":127,"column":42},"end":{"line":127,"column":60}},"22":{"start":{"line":128,"column":42},"end":{"line":128,"column":63}},"23":{"start":{"line":134,"column":42},"end":{"line":134,"column":65}},"24":{"start":{"line":135,"column":42},"end":{"line":135,"column":56}}},"fnMap":{"0":{"name":"(anonymous_0)","decl":{"start":{"line":15,"column":15},"end":{"line":15,"column":16}},"loc":{"start":{"line":15,"column":21},"end":{"line":144,"column":1}},"line":15},"1":{"name":"(anonymous_1)","decl":{"start":{"line":23,"column":21},"end":{"line":23,"column":22}},"loc":{"start":{"line":23,"column":32},"end":{"line":25,"column":3}},"line":23},"2":{"name":"(anonymous_2)","decl":{"start":{"line":27,"column":22},"end":{"line":27,"column":23}},"loc":{"start":{"line":27,"column":28},"end":{"line":29,"column":3}},"line":27},"3":{"name":"(anonymous_3)","decl":{"start":{"line":31,"column":23},"end":{"line":31,"column":24}},"loc":{"start":{"line":31,"column":29},"end":{"line":36,"column":3}},"line":31},"4":{"name":"(anonymous_4)","decl":{"start":{"line":38,"column":31},"end":{"line":38,"column":32}},"loc":{"start":{"line":38,"column":47},"end":{"line":52,"column":3}},"line":38},"5":{"name":"(anonymous_5)","decl":{"start":{"line":54,"column":42},"end":{"line":54,"column":43}},"loc":{"start":{"line":54,"column":58},"end":{"line":62,"column":3}},"line":54},"6":{"name":"(anonymous_6)","decl":{"start":{"line":64,"column":46},"end":{"line":64,"column":47}},"loc":{"start":{"line":64,"column":62},"end":{"line":76,"column":3}},"line":64},"7":{"name":"(anonymous_7)","decl":{"start":{"line":127,"column":36},"end":{"line":127,"column":37}},"loc":{"start":{"line":127,"column":42},"end":{"line":127,"column":60}},"line":127},"8":{"name":"(anonymous_8)","decl":{"start":{"line":128,"column":36},"end":{"line":128,"column":37}},"loc":{"start":{"line":128,"column":42},"end":{"line":128,"column":63}},"line":128},"9":{"name":"(anonymous_9)","decl":{"start":{"line":134,"column":36},"end":{"line":134,"column":37}},"loc":{"start":{"line":134,"column":42},"end":{"line":134,"column":65}},"line":134},"10":{"name":"(anonymous_10)","decl":{"start":{"line":135,"column":36},"end":{"line":135,"column":37}},"loc":{"start":{"line":135,"column":42},"end":{"line":135,"column":56}},"line":135}},"branchMap":{"0":{"loc":{"start":{"line":125,"column":14},"end":{"line":130,"column":13}},"type":"binary-expr","locations":[{"start":{"line":125,"column":14},"end":{"line":125,"column":25}},{"start":{"line":126,"column":14},"end":{"line":129,"column":17}}],"line":125},"1":{"loc":{"start":{"line":132,"column":14},"end":{"line":137,"column":13}},"type":"binary-expr","locations":[{"start":{"line":132,"column":14},"end":{"line":132,"column":24}},{"start":{"line":133,"column":14},"end":{"line":136,"column":17}}],"line":132}},"s":{"0":0,"1":0,"2":0,"3":0,"4":0,"5":0,"6":0,"7":0,"8":0,"9":0,"10":0,"11":0,"12":0,"13":0,"14":0,"15":0,"16":0,"17":0,"18":0,"19":0,"20":0,"21":0,"22":0,"23":0,"24":0},"f":{"0":0,"1":0,"2":0,"3":0,"4":0,"5":0,"6":0,"7":0,"8":0,"9":0,"10":0},"b":{"0":[0,0],"1":[0,0]}}
,"/Users/luozheng/Desktop/2021/T3/COMP6080/ass3.nosync/frontend/src/components/NavBarGoHome.jsx": {"path":"/Users/luozheng/Desktop/2021/T3/COMP6080/ass3.nosync/frontend/src/components/NavBarGoHome.jsx","statementMap":{"0":{"start":{"line":9,"column":21},"end":{"line":28,"column":1}},"1":{"start":{"line":10,"column":19},"end":{"line":10,"column":32}},"2":{"start":{"line":12,"column":2},"end":{"line":27,"column":4}},"3":{"start":{"line":17,"column":60},"end":{"line":17,"column":73}}},"fnMap":{"0":{"name":"(anonymous_0)","decl":{"start":{"line":9,"column":21},"end":{"line":9,"column":22}},"loc":{"start":{"line":9,"column":27},"end":{"line":28,"column":1}},"line":9},"1":{"name":"(anonymous_1)","decl":{"start":{"line":17,"column":54},"end":{"line":17,"column":55}},"loc":{"start":{"line":17,"column":60},"end":{"line":17,"column":73}},"line":17}},"branchMap":{},"s":{"0":0,"1":0,"2":0,"3":0},"f":{"0":0,"1":0},"b":{}}
,"/Users/luozheng/Desktop/2021/T3/COMP6080/ass3.nosync/frontend/src/components/SearchField.jsx": {"path":"/Users/luozheng/Desktop/2021/T3/COMP6080/ass3.nosync/frontend/src/components/SearchField.jsx","statementMap":{"0":{"start":{"line":4,"column":20},"end":{"line":30,"column":1}},"1":{"start":{"line":5,"column":28},"end":{"line":5,"column":46}},"2":{"start":{"line":6,"column":18},"end":{"line":6,"column":48}},"3":{"start":{"line":7,"column":23},"end":{"line":7,"column":39}},"4":{"start":{"line":8,"column":2},"end":{"line":29,"column":4}},"5":{"start":{"line":10,"column":68},"end":{"line":10,"column":96}},"6":{"start":{"line":13,"column":10},"end":{"line":21,"column":11}},"7":{"start":{"line":14,"column":12},"end":{"line":14,"column":24}},"8":{"start":{"line":15,"column":17},"end":{"line":21,"column":11}},"9":{"start":{"line":16,"column":12},"end":{"line":16,"column":27}},"10":{"start":{"line":17,"column":17},"end":{"line":21,"column":11}},"11":{"start":{"line":18,"column":12},"end":{"line":18,"column":27}},"12":{"start":{"line":20,"column":12},"end":{"line":20,"column":24}},"13":{"start":{"line":23,"column":10},"end":{"line":25,"column":16}}},"fnMap":{"0":{"name":"(anonymous_0)","decl":{"start":{"line":4,"column":20},"end":{"line":4,"column":21}},"loc":{"start":{"line":4,"column":26},"end":{"line":30,"column":1}},"line":4},"1":{"name":"(anonymous_1)","decl":{"start":{"line":10,"column":59},"end":{"line":10,"column":60}},"loc":{"start":{"line":10,"column":68},"end":{"line":10,"column":96}},"line":10},"2":{"name":"(anonymous_2)","decl":{"start":{"line":12,"column":26},"end":{"line":12,"column":27}},"loc":{"start":{"line":12,"column":39},"end":{"line":22,"column":9}},"line":12},"3":{"name":"(anonymous_3)","decl":{"start":{"line":22,"column":15},"end":{"line":22,"column":16}},"loc":{"start":{"line":23,"column":10},"end":{"line":25,"column":16}},"line":23}},"branchMap":{"0":{"loc":{"start":{"line":13,"column":10},"end":{"line":21,"column":11}},"type":"if","locations":[{"start":{"line":13,"column":10},"end":{"line":21,"column":11}},{"start":{"line":15,"column":17},"end":{"line":21,"column":11}}],"line":13},"1":{"loc":{"start":{"line":15,"column":17},"end":{"line":21,"column":11}},"type":"if","locations":[{"start":{"line":15,"column":17},"end":{"line":21,"column":11}},{"start":{"line":17,"column":17},"end":{"line":21,"column":11}}],"line":15},"2":{"loc":{"start":{"line":17,"column":17},"end":{"line":21,"column":11}},"type":"if","locations":[{"start":{"line":17,"column":17},"end":{"line":21,"column":11}},{"start":{"line":19,"column":17},"end":{"line":21,"column":11}}],"line":17},"3":{"loc":{"start":{"line":17,"column":21},"end":{"line":17,"column":123}},"type":"binary-expr","locations":[{"start":{"line":17,"column":21},"end":{"line":17,"column":55}},{"start":{"line":17,"column":59},"end":{"line":17,"column":123}}],"line":17}},"s":{"0":0,"1":0,"2":0,"3":0,"4":0,"5":0,"6":0,"7":0,"8":0,"9":0,"10":0,"11":0,"12":0,"13":0},"f":{"0":0,"1":0,"2":0,"3":0},"b":{"0":[0,0],"1":[0,0],"2":[0,0],"3":[0,0]}}
,"/Users/luozheng/Desktop/2021/T3/COMP6080/ass3.nosync/frontend/src/components/SignUp.jsx": {"path":"/Users/luozheng/Desktop/2021/T3/COMP6080/ass3.nosync/frontend/src/components/SignUp.jsx","statementMap":{"0":{"start":{"line":9,"column":15},"end":{"line":160,"column":1}},"1":{"start":{"line":10,"column":36},"end":{"line":10,"column":57}},"2":{"start":{"line":11,"column":42},"end":{"line":11,"column":63}},"3":{"start":{"line":13,"column":19},"end":{"line":13,"column":32}},"4":{"start":{"line":15,"column":17},"end":{"line":40,"column":3}},"5":{"start":{"line":16,"column":38},"end":{"line":16,"column":44}},"6":{"start":{"line":18,"column":4},"end":{"line":39,"column":8}},"7":{"start":{"line":29,"column":20},"end":{"line":29,"column":31}},"8":{"start":{"line":31,"column":8},"end":{"line":31,"column":46}},"9":{"start":{"line":32,"column":8},"end":{"line":32,"column":50}},"10":{"start":{"line":33,"column":8},"end":{"line":33,"column":49}},"11":{"start":{"line":34,"column":8},"end":{"line":34,"column":22}},"12":{"start":{"line":37,"column":8},"end":{"line":37,"column":27}},"13":{"start":{"line":38,"column":8},"end":{"line":38,"column":25}},"14":{"start":{"line":42,"column":17},"end":{"line":54,"column":4}},"15":{"start":{"line":56,"column":2},"end":{"line":159,"column":4}},"16":{"start":{"line":66,"column":29},"end":{"line":66,"column":43}},"17":{"start":{"line":77,"column":10},"end":{"line":150,"column":17}},"18":{"start":{"line":137,"column":33},"end":{"line":137,"column":63}},"19":{"start":{"line":145,"column":53},"end":{"line":145,"column":71}},"20":{"start":{"line":156,"column":28},"end":{"line":156,"column":47}}},"fnMap":{"0":{"name":"(anonymous_0)","decl":{"start":{"line":9,"column":15},"end":{"line":9,"column":16}},"loc":{"start":{"line":9,"column":21},"end":{"line":160,"column":1}},"line":9},"1":{"name":"(anonymous_1)","decl":{"start":{"line":15,"column":17},"end":{"line":15,"column":18}},"loc":{"start":{"line":15,"column":29},"end":{"line":40,"column":3}},"line":15},"2":{"name":"(anonymous_2)","decl":{"start":{"line":29,"column":12},"end":{"line":29,"column":13}},"loc":{"start":{"line":29,"column":20},"end":{"line":29,"column":31}},"line":29},"3":{"name":"(anonymous_3)","decl":{"start":{"line":30,"column":12},"end":{"line":30,"column":13}},"loc":{"start":{"line":30,"column":20},"end":{"line":35,"column":7}},"line":30},"4":{"name":"(anonymous_4)","decl":{"start":{"line":36,"column":13},"end":{"line":36,"column":14}},"loc":{"start":{"line":36,"column":20},"end":{"line":39,"column":7}},"line":36},"5":{"name":"(anonymous_5)","decl":{"start":{"line":66,"column":19},"end":{"line":66,"column":20}},"loc":{"start":{"line":66,"column":29},"end":{"line":66,"column":43}},"line":66},"6":{"name":"(anonymous_6)","decl":{"start":{"line":68,"column":9},"end":{"line":68,"column":10}},"loc":{"start":{"line":77,"column":10},"end":{"line":150,"column":17}},"line":77},"7":{"name":"(anonymous_7)","decl":{"start":{"line":137,"column":27},"end":{"line":137,"column":28}},"loc":{"start":{"line":137,"column":33},"end":{"line":137,"column":63}},"line":137},"8":{"name":"(anonymous_8)","decl":{"start":{"line":145,"column":47},"end":{"line":145,"column":48}},"loc":{"start":{"line":145,"column":53},"end":{"line":145,"column":71}},"line":145},"9":{"name":"(anonymous_9)","decl":{"start":{"line":156,"column":22},"end":{"line":156,"column":23}},"loc":{"start":{"line":156,"column":28},"end":{"line":156,"column":47}},"line":156}},"branchMap":{"0":{"loc":{"start":{"line":86,"column":26},"end":{"line":86,"column":54}},"type":"binary-expr","locations":[{"start":{"line":86,"column":26},"end":{"line":86,"column":38}},{"start":{"line":86,"column":42},"end":{"line":86,"column":54}}],"line":86},"1":{"loc":{"start":{"line":109,"column":23},"end":{"line":109,"column":57}},"type":"cond-expr","locations":[{"start":{"line":109,"column":38},"end":{"line":109,"column":44}},{"start":{"line":109,"column":47},"end":{"line":109,"column":57}}],"line":109},"2":{"loc":{"start":{"line":122,"column":23},"end":{"line":122,"column":57}},"type":"cond-expr","locations":[{"start":{"line":122,"column":38},"end":{"line":122,"column":44}},{"start":{"line":122,"column":47},"end":{"line":122,"column":57}}],"line":122}},"s":{"0":0,"1":0,"2":0,"3":0,"4":0,"5":0,"6":0,"7":0,"8":0,"9":0,"10":0,"11":0,"12":0,"13":0,"14":0,"15":0,"16":0,"17":0,"18":0,"19":0,"20":0},"f":{"0":0,"1":0,"2":0,"3":0,"4":0,"5":0,"6":0,"7":0,"8":0,"9":0},"b":{"0":[0,0],"1":[0,0],"2":[0,0]}}
,"/Users/luozheng/Desktop/2021/T3/COMP6080/ass3.nosync/frontend/src/pages/CreateListingPage.jsx": {"path":"/Users/luozheng/Desktop/2021/T3/COMP6080/ass3.nosync/frontend/src/pages/CreateListingPage.jsx","statementMap":{"0":{"start":{"line":5,"column":26},"end":{"line":17,"column":1}},"1":{"start":{"line":7,"column":2},"end":{"line":16,"column":4}}},"fnMap":{"0":{"name":"(anonymous_0)","decl":{"start":{"line":5,"column":26},"end":{"line":5,"column":27}},"loc":{"start":{"line":5,"column":32},"end":{"line":17,"column":1}},"line":5}},"branchMap":{},"s":{"0":0,"1":0},"f":{"0":0},"b":{}}
,"/Users/luozheng/Desktop/2021/T3/COMP6080/ass3.nosync/frontend/src/pages/EditListingPage.jsx": {"path":"/Users/luozheng/Desktop/2021/T3/COMP6080/ass3.nosync/frontend/src/pages/EditListingPage.jsx","statementMap":{"0":{"start":{"line":6,"column":24},"end":{"line":20,"column":1}},"1":{"start":{"line":8,"column":2},"end":{"line":19,"column":4}}},"fnMap":{"0":{"name":"(anonymous_0)","decl":{"start":{"line":6,"column":24},"end":{"line":6,"column":25}},"loc":{"start":{"line":6,"column":30},"end":{"line":20,"column":1}},"line":6}},"branchMap":{},"s":{"0":0,"1":0},"f":{"0":0},"b":{}}
,"/Users/luozheng/Desktop/2021/T3/COMP6080/ass3.nosync/frontend/src/pages/HomePage.jsx": {"path":"/Users/luozheng/Desktop/2021/T3/COMP6080/ass3.nosync/frontend/src/pages/HomePage.jsx","statementMap":{"0":{"start":{"line":6,"column":17},"end":{"line":17,"column":1}},"1":{"start":{"line":7,"column":2},"end":{"line":16,"column":3}}},"fnMap":{"0":{"name":"(anonymous_0)","decl":{"start":{"line":6,"column":17},"end":{"line":6,"column":18}},"loc":{"start":{"line":6,"column":23},"end":{"line":17,"column":1}},"line":6}},"branchMap":{},"s":{"0":0,"1":0},"f":{"0":0},"b":{}}
,"/Users/luozheng/Desktop/2021/T3/COMP6080/ass3.nosync/frontend/src/pages/LoginPage.jsx": {"path":"/Users/luozheng/Desktop/2021/T3/COMP6080/ass3.nosync/frontend/src/pages/LoginPage.jsx","statementMap":{"0":{"start":{"line":7,"column":18},"end":{"line":19,"column":1}},"1":{"start":{"line":8,"column":2},"end":{"line":18,"column":3}}},"fnMap":{"0":{"name":"(anonymous_0)","decl":{"start":{"line":7,"column":18},"end":{"line":7,"column":19}},"loc":{"start":{"line":7,"column":24},"end":{"line":19,"column":1}},"line":7}},"branchMap":{},"s":{"0":0,"1":0},"f":{"0":0},"b":{}}
,"/Users/luozheng/Desktop/2021/T3/COMP6080/ass3.nosync/frontend/src/pages/MyListingsPage.jsx": {"path":"/Users/luozheng/Desktop/2021/T3/COMP6080/ass3.nosync/frontend/src/pages/MyListingsPage.jsx","statementMap":{"0":{"start":{"line":9,"column":22},"end":{"line":22,"column":1}},"1":{"start":{"line":10,"column":2},"end":{"line":21,"column":4}}},"fnMap":{"0":{"name":"(anonymous_0)","decl":{"start":{"line":9,"column":22},"end":{"line":9,"column":23}},"loc":{"start":{"line":9,"column":28},"end":{"line":22,"column":1}},"line":9}},"branchMap":{},"s":{"0":0,"1":0},"f":{"0":0},"b":{}}
,"/Users/luozheng/Desktop/2021/T3/COMP6080/ass3.nosync/frontend/src/pages/NotFoundPage.jsx": {"path":"/Users/luozheng/Desktop/2021/T3/COMP6080/ass3.nosync/frontend/src/pages/NotFoundPage.jsx","statementMap":{"0":{"start":{"line":4,"column":21},"end":{"line":11,"column":1}},"1":{"start":{"line":5,"column":2},"end":{"line":10,"column":4}}},"fnMap":{"0":{"name":"(anonymous_0)","decl":{"start":{"line":4,"column":21},"end":{"line":4,"column":22}},"loc":{"start":{"line":4,"column":27},"end":{"line":11,"column":1}},"line":4}},"branchMap":{},"s":{"0":0,"1":0},"f":{"0":0},"b":{}}
,"/Users/luozheng/Desktop/2021/T3/COMP6080/ass3.nosync/frontend/src/pages/RegisterPage.jsx": {"path":"/Users/luozheng/Desktop/2021/T3/COMP6080/ass3.nosync/frontend/src/pages/RegisterPage.jsx","statementMap":{"0":{"start":{"line":6,"column":21},"end":{"line":18,"column":1}},"1":{"start":{"line":7,"column":2},"end":{"line":17,"column":3}}},"fnMap":{"0":{"name":"(anonymous_0)","decl":{"start":{"line":6,"column":21},"end":{"line":6,"column":22}},"loc":{"start":{"line":6,"column":27},"end":{"line":18,"column":1}},"line":6}},"branchMap":{},"s":{"0":0,"1":0},"f":{"0":0},"b":{}}
,"/Users/luozheng/Desktop/2021/T3/COMP6080/ass3.nosync/frontend/src/utils/Store.jsx": {"path":"/Users/luozheng/Desktop/2021/T3/COMP6080/ass3.nosync/frontend/src/utils/Store.jsx","statementMap":{"0":{"start":{"line":5,"column":28},"end":{"line":5,"column":53}},"1":{"start":{"line":7,"column":24},"end":{"line":16,"column":1}},"2":{"start":{"line":9,"column":34},"end":{"line":9,"column":52}},"3":{"start":{"line":11,"column":16},"end":{"line":13,"column":3}},"4":{"start":{"line":15,"column":2},"end":{"line":15,"column":84}},"5":{"start":{"line":18,"column":0},"end":{"line":20,"column":1}}},"fnMap":{"0":{"name":"(anonymous_0)","decl":{"start":{"line":7,"column":24},"end":{"line":7,"column":25}},"loc":{"start":{"line":7,"column":42},"end":{"line":16,"column":1}},"line":7}},"branchMap":{},"s":{"0":0,"1":0,"2":0,"3":0,"4":0,"5":0},"f":{"0":0},"b":{}}
}
